Default: Insert: foo
Default: Insert: bar
Default: Insert: baz
Default: Insert: qux
Default: Insert: quux
Default: Insert: zxcvbnm
Default: Insert: asdfg
Default: Insert: qwerty
Default: Insert: bar
Default: Insert: baz
Default: Insert: foo
Default: Insert: quux
Default: Insert: qwerty
Default: Insert: hello
Default: Insert: hello
Default: Insert: 1234567890
Default: Sorted: 1234567890
Default: Sorted: asdfg
Default: Sorted: bar
Default: Sorted: baz
Default: Sorted: foo
Default: Sorted: hello
Default: Sorted: quux
Default: Sorted: qux
Default: Sorted: qwerty
Default: Sorted: zxcvbnm

Greater: Insert: foo
Greater: Insert: bar
Greater: Insert: baz
Greater: Insert: qux
Greater: Insert: quux
Greater: Insert: zxcvbnm
Greater: Insert: asdfg
Greater: Insert: qwerty
Greater: Insert: bar
Greater: Insert: baz
Greater: Insert: foo
Greater: Insert: quux
Greater: Insert: qwerty
Greater: Insert: hello
Greater: Insert: hello
Greater: Insert: 1234567890
Greater: Sorted: zxcvbnm
Greater: Sorted: qwerty
Greater: Sorted: qux
Greater: Sorted: quux
Greater: Sorted: hello
Greater: Sorted: foo
Greater: Sorted: baz
Greater: Sorted: bar
Greater: Sorted: asdfg
Greater: Sorted: 1234567890

