
argv[1] = "2" => 2
2 = 0.5 * 2 ** 2
approx(0) = 1
approx(1) = 1.5
approx(2) = 1.41666666666666651864
approx(3) = 1.4142156862745096646
approx(4) = 1.41421356237468986983
approx(5) = 1.41421356237309492343
sqrt (2) = 1.41421356237309492343

argv[2] = "10" => 10
10 = 0.625 * 2 ** 4
approx(0) = 2.5
approx(1) = 3.25
approx(2) = 3.1634615384615383249
approx(3) = 3.16227788169277523878
approx(4) = 3.1622776601683870723
approx(5) = 3.1622776601683790787
sqrt (10) = 3.1622776601683790787

argv[3] = "100" => 100
100 = 0.78125 * 2 ** 7
approx(0) = 6.25
approx(1) = 11.125
approx(2) = 10.0568820224719104317
approx(3) = 10.0001608632016001366
approx(4) = 10.0000000012938272675
approx(5) = 10
sqrt (100) = 10

argv[4] = "1000" => 1000
1000 = 0.9765625 * 2 ** 10
approx(0) = 31.25
approx(1) = 31.625
approx(2) = 31.6227766798418983285
approx(3) = 31.6227766016837925633
sqrt (1000) = 31.6227766016837925633

argv[5] = "1e6" => 1000000
1000000 = 0.95367431640625 * 2 ** 20
approx(0) = 976.5625
approx(1) = 1000.28125
approx(2) = 1000.00003953966074732
approx(3) = 1000.00000000000079581
approx(4) = 1000
sqrt (1000000) = 1000

argv[6] = "1e1000" => nan
sqrt (nan) = nan

argv[7] = "foo" => nan
sqrt (nan) = nan
