
powi: 2 ** 2 * 1
powi: 4 ** 1 * 1
powi: 4 ** 0 * 4
ANSWER: 2 ** 2 == 4

powi: 2 ** 9 * 1
powi: 2 ** 8 * 2
powi: 4 ** 4 * 2
powi: 16 ** 2 * 2
powi: 256 ** 1 * 2
powi: 256 ** 0 * 512
ANSWER: 2 ** 9 == 512

powi: 2 ** 15 * 1
powi: 2 ** 14 * 2
powi: 4 ** 7 * 2
powi: 4 ** 6 * 8
powi: 16 ** 3 * 8
powi: 16 ** 2 * 128
powi: 256 ** 1 * 128
powi: 256 ** 0 * 32768
ANSWER: 2 ** 15 == 32768

powi: 2 ** 16 * 1
powi: 4 ** 8 * 1
powi: 16 ** 4 * 1
powi: 256 ** 2 * 1
powi: 65536 ** 1 * 1
powi: 65536 ** 0 * 65536
ANSWER: 2 ** 16 == 65536

powi: 2 ** 24 * 1
powi: 4 ** 12 * 1
powi: 16 ** 6 * 1
powi: 256 ** 3 * 1
powi: 256 ** 2 * 256
powi: 65536 ** 1 * 256
powi: 65536 ** 0 * 16777216
ANSWER: 2 ** 24 == 16777216
